Removed Pin From Net: NetName=+3V3 Pin=C37-2
Removed Pin From Net: NetName=+1V8 Pin=C38-2
Removed Pin From Net: NetName=+1V8 Pin=R16-2
Removed Pin From Net: NetName=+1V8 Pin=R17-2
Removed Pin From Net: NetName=+1V8 Pin=R18-2
Removed Pin From Net: NetName=DISPLAY_RESET Pin=U7-1
Removed Pin From Net: NetName=DISPLAY_RS Pin=U7-3
Removed Pin From Net: NetName=SPI1_MOSI Pin=U7-4
Removed Pin From Net: NetName=SPI1_SCK Pin=U7-5
Removed Pin From Net: NetName=SPI1_NSS Pin=U7-6
Removed Pin From Net: NetName=I2C1_SCL Pin=U7-7
Removed Pin From Net: NetName=I2C1_SDA Pin=U7-8
Removed Pin From Net: NetName=30100_nINT Pin=U7-9
Removed Pin From Net: NetName=30100_nINT_1V8 Pin=U7-12
Removed Pin From Net: NetName=I2C1_SDA_1V8 Pin=U7-13
Removed Pin From Net: NetName=I2C1_SCL_1V8 Pin=U7-14
Removed Pin From Net: NetName=D_CS Pin=U7-15
Removed Pin From Net: NetName=D_CLK Pin=U7-16
Removed Pin From Net: NetName=D_SDA Pin=U7-17
Removed Pin From Net: NetName=D_RS Pin=U7-18
Removed Pin From Net: NetName=D_RESET Pin=U7-20
Added Pin To Net: NetName=+1V8 Pin=C37-2
Added Pin To Net: NetName=+3V3 Pin=C38-2
Added Pin To Net: NetName=+3V3 Pin=R16-2
Added Pin To Net: NetName=+3V3 Pin=R17-2
Added Pin To Net: NetName=+3V3 Pin=R18-2
Added Pin To Net: NetName=D_RESET Pin=U7-1
Added Pin To Net: NetName=D_RS Pin=U7-3
Added Pin To Net: NetName=D_SDA Pin=U7-4
Added Pin To Net: NetName=D_CLK Pin=U7-5
Added Pin To Net: NetName=D_CS Pin=U7-6
Added Pin To Net: NetName=I2C1_SCL_1V8 Pin=U7-7
Added Pin To Net: NetName=I2C1_SDA_1V8 Pin=U7-8
Added Pin To Net: NetName=30100_nINT_1V8 Pin=U7-9
Added Pin To Net: NetName=30100_nINT Pin=U7-12
Added Pin To Net: NetName=I2C1_SDA Pin=U7-13
Added Pin To Net: NetName=I2C1_SCL Pin=U7-14
Added Pin To Net: NetName=SPI1_NSS Pin=U7-15
Added Pin To Net: NetName=SPI1_SCK Pin=U7-16
Added Pin To Net: NetName=SPI1_MOSI Pin=U7-17
Added Pin To Net: NetName=DISPLAY_RS Pin=U7-18
Added Pin To Net: NetName=DISPLAY_RESET Pin=U7-20
